[13-Jul-2021 18:24:29 UTC] Sync process for Gutenberg Blocks has started.
[13-Jul-2021 18:24:29 UTC] CATEGORY:Importing categories..
[13-Jul-2021 18:24:30 UTC] CATEGORY:Storing in option ast-block-templates-categories
[13-Jul-2021 18:24:30 UTC] CATEGORY:Completed category import.
[13-Jul-2021 18:24:30 UTC] BLOCK: Getting Total Blocks
[13-Jul-2021 18:24:30 UTC] BLOCK: https://websitedemos.net/wp-json/astra-blocks/v1/get-blocks-count/?page_builder=gutenberg
[13-Jul-2021 18:24:30 UTC] BLOCK: Requests count 3
[13-Jul-2021 18:24:30 UTC] BLOCK: Importing request 1 ..
[13-Jul-2021 18:24:30 UTC] BLOCK: https://websitedemos.net/wp-json/astra-blocks/v1/blocks/?page_builder=gutenberg&per_page=100&page=1
[13-Jul-2021 18:24:31 UTC] BLOCK: Storing in option ast-block-templates-blocks-1
[13-Jul-2021 18:24:31 UTC] BLOCK: Completed request 1
[13-Jul-2021 18:24:31 UTC] BLOCK: Importing request 2 ..
[13-Jul-2021 18:24:31 UTC] BLOCK: https://websitedemos.net/wp-json/astra-blocks/v1/blocks/?page_builder=gutenberg&per_page=100&page=2
[13-Jul-2021 18:24:31 UTC] BLOCK: Storing in option ast-block-templates-blocks-2
[13-Jul-2021 18:24:31 UTC] BLOCK: Completed request 2
[13-Jul-2021 18:24:31 UTC] BLOCK: Importing request 3 ..
[13-Jul-2021 18:24:31 UTC] BLOCK: https://websitedemos.net/wp-json/astra-blocks/v1/blocks/?page_builder=gutenberg&per_page=100&page=3
[13-Jul-2021 18:24:32 UTC] BLOCK: Storing in option ast-block-templates-blocks-3
[13-Jul-2021 18:24:32 UTC] BLOCK: Completed request 3
[13-Jul-2021 18:24:32 UTC] SITE: Getting Total Sites
[13-Jul-2021 18:24:32 UTC] SITE: https://websitedemos.net/wp-json/astra-sites/v1/get-total-pages/?page_builder=gutenberg
[13-Jul-2021 18:24:32 UTC] SITE: Request count 1
[13-Jul-2021 18:24:32 UTC] SITE: Importing request 1 ..
[13-Jul-2021 18:24:32 UTC] SITE: https://websitedemos.net/wp-json/astra-sites/v1/sites-and-pages/?per_page=100&page=1&page-builder=gutenberg
[13-Jul-2021 18:24:33 UTC] SITE: Storing in option ast-block-templates-sites-1
[13-Jul-2021 18:24:33 UTC] SITE: Completed request 1
[13-Jul-2021 18:24:33 UTC] Sync process for Gutenberg Blocks is done.
[13-Jul-2021 20:29:26 UTC] PHP Warning:  call_user_func_array() expects parameter 1 to be a valid callback, function 'ma_el_fs_uninstall_cleanup' not found or invalid function name in C:\Users\Pira\Local Sites\pires\app\public\wp-includes\class-wp-hook.php on line 292
[13-Jul-2021 20:29:26 UTC] PHP Stack trace:
[13-Jul-2021 20:29:26 UTC] PHP   1. {main}() C:\Users\Pira\Local Sites\pires\app\public\wp-admin\admin-ajax.php:0
[13-Jul-2021 20:29:26 UTC] PHP   2. do_action() C:\Users\Pira\Local Sites\pires\app\public\wp-admin\admin-ajax.php:187
[13-Jul-2021 20:29:26 UTC] PHP   3. WP_Hook->do_action() C:\Users\Pira\Local Sites\pires\app\public\wp-includes\plugin.php:484
[13-Jul-2021 20:29:26 UTC] PHP   4. WP_Hook->apply_filters() C:\Users\Pira\Local Sites\pires\app\public\wp-includes\class-wp-hook.php:316
[13-Jul-2021 20:29:26 UTC] PHP   5. wp_ajax_delete_plugin() C:\Users\Pira\Local Sites\pires\app\public\wp-includes\class-wp-hook.php:292
[13-Jul-2021 20:29:26 UTC] PHP   6. delete_plugins() C:\Users\Pira\Local Sites\pires\app\public\wp-admin\includes\ajax-actions.php:4581
[13-Jul-2021 20:29:26 UTC] PHP   7. uninstall_plugin() C:\Users\Pira\Local Sites\pires\app\public\wp-admin\includes\plugin.php:967
[13-Jul-2021 20:29:26 UTC] PHP   8. do_action() C:\Users\Pira\Local Sites\pires\app\public\wp-admin\includes\plugin.php:1286
[13-Jul-2021 20:29:26 UTC] PHP   9. WP_Hook->do_action() C:\Users\Pira\Local Sites\pires\app\public\wp-includes\plugin.php:484
[13-Jul-2021 20:29:26 UTC] PHP  10. WP_Hook->apply_filters() C:\Users\Pira\Local Sites\pires\app\public\wp-includes\class-wp-hook.php:316
[13-Jul-2021 20:29:26 UTC] PHP  11. Freemius::_uninstall_plugin_hook() C:\Users\Pira\Local Sites\pires\app\public\wp-includes\class-wp-hook.php:292
[13-Jul-2021 20:29:26 UTC] PHP  12. Freemius->do_action() C:\Users\Pira\Local Sites\pires\app\public\wp-content\plugins\master-addons\lib\freemius\includes\class-freemius.php:9908
[13-Jul-2021 20:29:26 UTC] PHP  13. do_action() C:\Users\Pira\Local Sites\pires\app\public\wp-content\plugins\master-addons\lib\freemius\includes\class-freemius.php:18871
[13-Jul-2021 20:29:26 UTC] PHP  14. WP_Hook->do_action() C:\Users\Pira\Local Sites\pires\app\public\wp-includes\plugin.php:484
[13-Jul-2021 20:29:26 UTC] PHP  15. WP_Hook->apply_filters() C:\Users\Pira\Local Sites\pires\app\public\wp-includes\class-wp-hook.php:316
[31-Jul-2021 11:57:25 UTC] Sync process for Gutenberg Blocks has started.
[31-Jul-2021 11:57:25 UTC] CATEGORY:Importing categories..
[31-Jul-2021 11:57:26 UTC] CATEGORY:Storing in option ast-block-templates-categories
[31-Jul-2021 11:57:26 UTC] CATEGORY:Completed category import.
[31-Jul-2021 11:57:26 UTC] BLOCK: Getting Total Blocks
[31-Jul-2021 11:57:26 UTC] BLOCK: https://websitedemos.net/wp-json/astra-blocks/v1/get-blocks-count/?page_builder=gutenberg
[31-Jul-2021 11:57:27 UTC] BLOCK: Requests count 3
[31-Jul-2021 11:57:27 UTC] BLOCK: Importing request 1 ..
[31-Jul-2021 11:57:27 UTC] BLOCK: https://websitedemos.net/wp-json/astra-blocks/v1/blocks/?page_builder=gutenberg&per_page=100&page=1
[31-Jul-2021 11:57:27 UTC] BLOCK: Storing in option ast-block-templates-blocks-1
[31-Jul-2021 11:57:27 UTC] BLOCK: Completed request 1
[31-Jul-2021 11:57:27 UTC] BLOCK: Importing request 2 ..
[31-Jul-2021 11:57:27 UTC] BLOCK: https://websitedemos.net/wp-json/astra-blocks/v1/blocks/?page_builder=gutenberg&per_page=100&page=2
[31-Jul-2021 11:57:28 UTC] BLOCK: Storing in option ast-block-templates-blocks-2
[31-Jul-2021 11:57:28 UTC] BLOCK: Completed request 2
[31-Jul-2021 11:57:28 UTC] BLOCK: Importing request 3 ..
[31-Jul-2021 11:57:28 UTC] BLOCK: https://websitedemos.net/wp-json/astra-blocks/v1/blocks/?page_builder=gutenberg&per_page=100&page=3
[31-Jul-2021 11:57:29 UTC] BLOCK: Storing in option ast-block-templates-blocks-3
[31-Jul-2021 11:57:29 UTC] BLOCK: Completed request 3
[31-Jul-2021 11:57:29 UTC] SITE: Getting Total Sites
[31-Jul-2021 11:57:29 UTC] SITE: https://websitedemos.net/wp-json/astra-sites/v1/get-total-pages/?page_builder=gutenberg
[31-Jul-2021 11:57:30 UTC] SITE: Request count 1
[31-Jul-2021 11:57:30 UTC] SITE: Importing request 1 ..
[31-Jul-2021 11:57:30 UTC] SITE: https://websitedemos.net/wp-json/astra-sites/v1/sites-and-pages/?per_page=100&page=1&page-builder=gutenberg
[31-Jul-2021 11:57:31 UTC] SITE: Storing in option ast-block-templates-sites-1
[31-Jul-2021 11:57:32 UTC] SITE: Completed request 1
[31-Jul-2021 11:57:32 UTC] Sync process for Gutenberg Blocks is done.
[11-Aug-2021 18:19:08 UTC] Sync process for Gutenberg Blocks has started.
[11-Aug-2021 18:19:08 UTC] CATEGORY:Importing categories..
[11-Aug-2021 18:19:09 UTC] CATEGORY:Storing in option ast-block-templates-categories
[11-Aug-2021 18:19:09 UTC] CATEGORY:Completed category import.
[11-Aug-2021 18:19:09 UTC] BLOCK: Getting Total Blocks
[11-Aug-2021 18:19:09 UTC] BLOCK: https://websitedemos.net/wp-json/astra-blocks/v1/get-blocks-count/?page_builder=gutenberg
[11-Aug-2021 18:19:09 UTC] BLOCK: Requests count 3
[11-Aug-2021 18:19:09 UTC] BLOCK: Importing request 1 ..
[11-Aug-2021 18:19:09 UTC] BLOCK: https://websitedemos.net/wp-json/astra-blocks/v1/blocks/?page_builder=gutenberg&per_page=100&page=1
[11-Aug-2021 18:19:09 UTC] BLOCK: Storing in option ast-block-templates-blocks-1
[11-Aug-2021 18:19:09 UTC] BLOCK: Completed request 1
[11-Aug-2021 18:19:09 UTC] BLOCK: Importing request 2 ..
[11-Aug-2021 18:19:09 UTC] BLOCK: https://websitedemos.net/wp-json/astra-blocks/v1/blocks/?page_builder=gutenberg&per_page=100&page=2
[11-Aug-2021 18:19:10 UTC] BLOCK: Storing in option ast-block-templates-blocks-2
[11-Aug-2021 18:19:10 UTC] BLOCK: Completed request 2
[11-Aug-2021 18:19:10 UTC] BLOCK: Importing request 3 ..
[11-Aug-2021 18:19:10 UTC] BLOCK: https://websitedemos.net/wp-json/astra-blocks/v1/blocks/?page_builder=gutenberg&per_page=100&page=3
[11-Aug-2021 18:19:10 UTC] BLOCK: Storing in option ast-block-templates-blocks-3
[11-Aug-2021 18:19:10 UTC] BLOCK: Completed request 3
[11-Aug-2021 18:19:10 UTC] SITE: Getting Total Sites
[11-Aug-2021 18:19:10 UTC] SITE: https://websitedemos.net/wp-json/astra-sites/v1/get-total-pages/?page_builder=gutenberg
[11-Aug-2021 18:19:11 UTC] SITE: Request count 1
[11-Aug-2021 18:19:11 UTC] SITE: Importing request 1 ..
[11-Aug-2021 18:19:11 UTC] SITE: https://websitedemos.net/wp-json/astra-sites/v1/sites-and-pages/?per_page=100&page=1&page-builder=gutenberg
[11-Aug-2021 18:19:11 UTC] SITE: Storing in option ast-block-templates-sites-1
[11-Aug-2021 18:19:11 UTC] SITE: Completed request 1
[11-Aug-2021 18:19:11 UTC] Sync process for Gutenberg Blocks is done.
[15-Aug-2021 11:54:38 UTC] PHP Warning:  stripslashes() expects parameter 1 to be string, array given in C:\Users\Pira\Local Sites\pires\app\public\wp-content\plugins\astra-sites\inc\classes\class-astra-sites.php on line 1749
[15-Aug-2021 11:54:38 UTC] PHP Stack trace:
[15-Aug-2021 11:54:38 UTC] PHP   1. {main}() C:\Users\Pira\Local Sites\pires\app\public\wp-admin\admin-ajax.php:0
[15-Aug-2021 11:54:38 UTC] PHP   2. do_action() C:\Users\Pira\Local Sites\pires\app\public\wp-admin\admin-ajax.php:187
[15-Aug-2021 11:54:38 UTC] PHP   3. WP_Hook->do_action() C:\Users\Pira\Local Sites\pires\app\public\wp-includes\plugin.php:484
[15-Aug-2021 11:54:38 UTC] PHP   4. WP_Hook->apply_filters() C:\Users\Pira\Local Sites\pires\app\public\wp-includes\class-wp-hook.php:316
[15-Aug-2021 11:54:38 UTC] PHP   5. Astra_Sites->required_plugin() C:\Users\Pira\Local Sites\pires\app\public\wp-includes\class-wp-hook.php:292
[15-Aug-2021 11:54:38 UTC] PHP   6. stripslashes() C:\Users\Pira\Local Sites\pires\app\public\wp-content\plugins\astra-sites\inc\classes\class-astra-sites.php:1749
[15-Aug-2021 11:55:33 UTC] PHP Warning:  stripslashes() expects parameter 1 to be string, array given in C:\Users\Pira\Local Sites\pires\app\public\wp-content\plugins\astra-sites\inc\classes\class-astra-sites.php on line 1749
[15-Aug-2021 11:55:33 UTC] PHP Stack trace:
[15-Aug-2021 11:55:33 UTC] PHP   1. {main}() C:\Users\Pira\Local Sites\pires\app\public\wp-admin\admin-ajax.php:0
[15-Aug-2021 11:55:33 UTC] PHP   2. do_action() C:\Users\Pira\Local Sites\pires\app\public\wp-admin\admin-ajax.php:187
[15-Aug-2021 11:55:33 UTC] PHP   3. WP_Hook->do_action() C:\Users\Pira\Local Sites\pires\app\public\wp-includes\plugin.php:484
[15-Aug-2021 11:55:33 UTC] PHP   4. WP_Hook->apply_filters() C:\Users\Pira\Local Sites\pires\app\public\wp-includes\class-wp-hook.php:316
[15-Aug-2021 11:55:33 UTC] PHP   5. Astra_Sites->required_plugin() C:\Users\Pira\Local Sites\pires\app\public\wp-includes\class-wp-hook.php:292
[15-Aug-2021 11:55:33 UTC] PHP   6. stripslashes() C:\Users\Pira\Local Sites\pires\app\public\wp-content\plugins\astra-sites\inc\classes\class-astra-sites.php:1749
[15-Aug-2021 11:55:40 UTC] PHP Warning:  stripslashes() expects parameter 1 to be string, array given in C:\Users\Pira\Local Sites\pires\app\public\wp-content\plugins\astra-sites\inc\classes\class-astra-sites.php on line 1749
[15-Aug-2021 11:55:40 UTC] PHP Stack trace:
[15-Aug-2021 11:55:40 UTC] PHP   1. {main}() C:\Users\Pira\Local Sites\pires\app\public\wp-admin\admin-ajax.php:0
[15-Aug-2021 11:55:40 UTC] PHP   2. do_action() C:\Users\Pira\Local Sites\pires\app\public\wp-admin\admin-ajax.php:187
[15-Aug-2021 11:55:40 UTC] PHP   3. WP_Hook->do_action() C:\Users\Pira\Local Sites\pires\app\public\wp-includes\plugin.php:484
[15-Aug-2021 11:55:40 UTC] PHP   4. WP_Hook->apply_filters() C:\Users\Pira\Local Sites\pires\app\public\wp-includes\class-wp-hook.php:316
[15-Aug-2021 11:55:40 UTC] PHP   5. Astra_Sites->required_plugin() C:\Users\Pira\Local Sites\pires\app\public\wp-includes\class-wp-hook.php:292
[15-Aug-2021 11:55:40 UTC] PHP   6. stripslashes() C:\Users\Pira\Local Sites\pires\app\public\wp-content\plugins\astra-sites\inc\classes\class-astra-sites.php:1749
[15-Aug-2021 11:55:47 UTC] PHP Warning:  stripslashes() expects parameter 1 to be string, array given in C:\Users\Pira\Local Sites\pires\app\public\wp-content\plugins\astra-sites\inc\classes\class-astra-sites.php on line 1749
[15-Aug-2021 11:55:47 UTC] PHP Stack trace:
[15-Aug-2021 11:55:47 UTC] PHP   1. {main}() C:\Users\Pira\Local Sites\pires\app\public\wp-admin\admin-ajax.php:0
[15-Aug-2021 11:55:47 UTC] PHP   2. do_action() C:\Users\Pira\Local Sites\pires\app\public\wp-admin\admin-ajax.php:187
[15-Aug-2021 11:55:47 UTC] PHP   3. WP_Hook->do_action() C:\Users\Pira\Local Sites\pires\app\public\wp-includes\plugin.php:484
[15-Aug-2021 11:55:47 UTC] PHP   4. WP_Hook->apply_filters() C:\Users\Pira\Local Sites\pires\app\public\wp-includes\class-wp-hook.php:316
[15-Aug-2021 11:55:47 UTC] PHP   5. Astra_Sites->required_plugin() C:\Users\Pira\Local Sites\pires\app\public\wp-includes\class-wp-hook.php:292
[15-Aug-2021 11:55:47 UTC] PHP   6. stripslashes() C:\Users\Pira\Local Sites\pires\app\public\wp-content\plugins\astra-sites\inc\classes\class-astra-sites.php:1749
[15-Aug-2021 11:56:12 UTC] PHP Warning:  stripslashes() expects parameter 1 to be string, array given in C:\Users\Pira\Local Sites\pires\app\public\wp-content\plugins\astra-sites\inc\classes\class-astra-sites.php on line 1749
[15-Aug-2021 11:56:12 UTC] PHP Stack trace:
[15-Aug-2021 11:56:12 UTC] PHP   1. {main}() C:\Users\Pira\Local Sites\pires\app\public\wp-admin\admin-ajax.php:0
[15-Aug-2021 11:56:12 UTC] PHP   2. do_action() C:\Users\Pira\Local Sites\pires\app\public\wp-admin\admin-ajax.php:187
[15-Aug-2021 11:56:12 UTC] PHP   3. WP_Hook->do_action() C:\Users\Pira\Local Sites\pires\app\public\wp-includes\plugin.php:484
[15-Aug-2021 11:56:12 UTC] PHP   4. WP_Hook->apply_filters() C:\Users\Pira\Local Sites\pires\app\public\wp-includes\class-wp-hook.php:316
[15-Aug-2021 11:56:12 UTC] PHP   5. Astra_Sites->required_plugin() C:\Users\Pira\Local Sites\pires\app\public\wp-includes\class-wp-hook.php:292
[15-Aug-2021 11:56:12 UTC] PHP   6. stripslashes() C:\Users\Pira\Local Sites\pires\app\public\wp-content\plugins\astra-sites\inc\classes\class-astra-sites.php:1749
[15-Aug-2021 12:05:46 UTC] PHP Warning:  stripslashes() expects parameter 1 to be string, array given in C:\Users\Pira\Local Sites\pires\app\public\wp-content\plugins\astra-sites\inc\classes\class-astra-sites.php on line 1749
[15-Aug-2021 12:05:46 UTC] PHP Stack trace:
[15-Aug-2021 12:05:46 UTC] PHP   1. {main}() C:\Users\Pira\Local Sites\pires\app\public\wp-admin\admin-ajax.php:0
[15-Aug-2021 12:05:46 UTC] PHP   2. do_action() C:\Users\Pira\Local Sites\pires\app\public\wp-admin\admin-ajax.php:187
[15-Aug-2021 12:05:46 UTC] PHP   3. WP_Hook->do_action() C:\Users\Pira\Local Sites\pires\app\public\wp-includes\plugin.php:484
[15-Aug-2021 12:05:46 UTC] PHP   4. WP_Hook->apply_filters() C:\Users\Pira\Local Sites\pires\app\public\wp-includes\class-wp-hook.php:316
[15-Aug-2021 12:05:46 UTC] PHP   5. Astra_Sites->required_plugin() C:\Users\Pira\Local Sites\pires\app\public\wp-includes\class-wp-hook.php:292
[15-Aug-2021 12:05:46 UTC] PHP   6. stripslashes() C:\Users\Pira\Local Sites\pires\app\public\wp-content\plugins\astra-sites\inc\classes\class-astra-sites.php:1749
[16-Aug-2021 19:27:09 UTC] response was not a 200
[18-Aug-2021 17:46:06 UTC] Sync process for Gutenberg Blocks has started.
[18-Aug-2021 17:46:06 UTC] CATEGORY:Importing categories..
[18-Aug-2021 17:46:07 UTC] CATEGORY:Storing in option ast-block-templates-categories
[18-Aug-2021 17:46:07 UTC] CATEGORY:Completed category import.
[18-Aug-2021 17:46:07 UTC] BLOCK: Getting Total Blocks
[18-Aug-2021 17:46:07 UTC] BLOCK: https://websitedemos.net/wp-json/astra-blocks/v1/get-blocks-count/?page_builder=gutenberg
[18-Aug-2021 17:46:07 UTC] BLOCK: Requests count 3
[18-Aug-2021 17:46:07 UTC] BLOCK: Importing request 1 ..
[18-Aug-2021 17:46:07 UTC] BLOCK: https://websitedemos.net/wp-json/astra-blocks/v1/blocks/?page_builder=gutenberg&per_page=100&page=1
[18-Aug-2021 17:46:07 UTC] BLOCK: Storing in option ast-block-templates-blocks-1
[18-Aug-2021 17:46:08 UTC] BLOCK: Completed request 1
[18-Aug-2021 17:46:08 UTC] BLOCK: Importing request 2 ..
[18-Aug-2021 17:46:08 UTC] BLOCK: https://websitedemos.net/wp-json/astra-blocks/v1/blocks/?page_builder=gutenberg&per_page=100&page=2
[18-Aug-2021 17:46:08 UTC] BLOCK: Storing in option ast-block-templates-blocks-2
[18-Aug-2021 17:46:08 UTC] BLOCK: Completed request 2
[18-Aug-2021 17:46:08 UTC] BLOCK: Importing request 3 ..
[18-Aug-2021 17:46:08 UTC] BLOCK: https://websitedemos.net/wp-json/astra-blocks/v1/blocks/?page_builder=gutenberg&per_page=100&page=3
[18-Aug-2021 17:46:09 UTC] BLOCK: Storing in option ast-block-templates-blocks-3
[18-Aug-2021 17:46:09 UTC] BLOCK: Completed request 3
[18-Aug-2021 17:46:09 UTC] SITE: Getting Total Sites
[18-Aug-2021 17:46:09 UTC] SITE: https://websitedemos.net/wp-json/astra-sites/v1/get-total-pages/?page_builder=gutenberg
[18-Aug-2021 17:46:09 UTC] SITE: Request count 1
[18-Aug-2021 17:46:09 UTC] SITE: Importing request 1 ..
[18-Aug-2021 17:46:09 UTC] SITE: https://websitedemos.net/wp-json/astra-sites/v1/sites-and-pages/?per_page=100&page=1&page-builder=gutenberg
[18-Aug-2021 17:46:10 UTC] SITE: Storing in option ast-block-templates-sites-1
[18-Aug-2021 17:46:10 UTC] SITE: Completed request 1
[18-Aug-2021 17:46:10 UTC] Sync process for Gutenberg Blocks is done.
[18-Aug-2021 19:22:19 UTC] PHP Warning:  stripslashes() expects parameter 1 to be string, array given in C:\Users\Pira\Local Sites\pires\app\public\wp-content\plugins\astra-sites\inc\classes\class-astra-sites.php on line 1749
[18-Aug-2021 19:22:19 UTC] PHP Stack trace:
[18-Aug-2021 19:22:19 UTC] PHP   1. {main}() C:\Users\Pira\Local Sites\pires\app\public\wp-admin\admin-ajax.php:0
[18-Aug-2021 19:22:19 UTC] PHP   2. do_action() C:\Users\Pira\Local Sites\pires\app\public\wp-admin\admin-ajax.php:187
[18-Aug-2021 19:22:19 UTC] PHP   3. WP_Hook->do_action() C:\Users\Pira\Local Sites\pires\app\public\wp-includes\plugin.php:484
[18-Aug-2021 19:22:19 UTC] PHP   4. WP_Hook->apply_filters() C:\Users\Pira\Local Sites\pires\app\public\wp-includes\class-wp-hook.php:316
[18-Aug-2021 19:22:19 UTC] PHP   5. Astra_Sites->required_plugin() C:\Users\Pira\Local Sites\pires\app\public\wp-includes\class-wp-hook.php:292
[18-Aug-2021 19:22:19 UTC] PHP   6. stripslashes() C:\Users\Pira\Local Sites\pires\app\public\wp-content\plugins\astra-sites\inc\classes\class-astra-sites.php:1749
[22-Aug-2021 18:39:50 UTC] PHP Warning:  array_key_exists(): The first argument should be either a string or an integer in C:\Users\Pira\Local Sites\pires\app\public\wp-content\plugins\astra-widgets\classes\class-astra-widgets-helper.php on line 655
[22-Aug-2021 18:39:50 UTC] PHP Stack trace:
[22-Aug-2021 18:39:50 UTC] PHP   1. {main}() C:\Users\Pira\Local Sites\pires\app\public\index.php:0
[22-Aug-2021 18:39:50 UTC] PHP   2. require() C:\Users\Pira\Local Sites\pires\app\public\index.php:17
[22-Aug-2021 18:39:50 UTC] PHP   3. wp() C:\Users\Pira\Local Sites\pires\app\public\wp-blog-header.php:16
[22-Aug-2021 18:39:50 UTC] PHP   4. WP->main() C:\Users\Pira\Local Sites\pires\app\public\wp-includes\functions.php:1291
[22-Aug-2021 18:39:50 UTC] PHP   5. do_action_ref_array() C:\Users\Pira\Local Sites\pires\app\public\wp-includes\class-wp.php:763
[22-Aug-2021 18:39:50 UTC] PHP   6. WP_Hook->do_action() C:\Users\Pira\Local Sites\pires\app\public\wp-includes\plugin.php:551
[22-Aug-2021 18:39:50 UTC] PHP   7. WP_Hook->apply_filters() C:\Users\Pira\Local Sites\pires\app\public\wp-includes\class-wp-hook.php:316
[22-Aug-2021 18:39:50 UTC] PHP   8. FLBuilderAJAX::run() C:\Users\Pira\Local Sites\pires\app\public\wp-includes\class-wp-hook.php:292
[22-Aug-2021 18:39:50 UTC] PHP   9. FLBuilderAJAX::call_action() C:\Users\Pira\Local Sites\pires\app\public\wp-content\plugins\beaver-builder-lite-version\classes\class-fl-builder-ajax.php:42
[22-Aug-2021 18:39:50 UTC] PHP  10. FLBuilderAJAXLayout::render_new_module() C:\Users\Pira\Local Sites\pires\app\public\wp-content\plugins\beaver-builder-lite-version\classes\class-fl-builder-ajax.php:233
[22-Aug-2021 18:39:50 UTC] PHP  11. FLBuilderUISettingsForms::pre_render_legacy_module_settings() C:\Users\Pira\Local Sites\pires\app\public\wp-content\plugins\beaver-builder-lite-version\classes\class-fl-builder-ajax-layout.php:327
[22-Aug-2021 18:39:50 UTC] PHP  12. FLBuilderUISettingsForms::render_legacy_settings() C:\Users\Pira\Local Sites\pires\app\public\wp-content\plugins\beaver-builder-lite-version\classes\class-fl-builder-ui-settings-forms.php:668
[22-Aug-2021 18:39:50 UTC] PHP  13. include() C:\Users\Pira\Local Sites\pires\app\public\wp-content\plugins\beaver-builder-lite-version\classes\class-fl-builder-ui-settings-forms.php:791
[22-Aug-2021 18:39:50 UTC] PHP  14. FLWidgetModule::render_form() C:\Users\Pira\Local Sites\pires\app\public\wp-content\plugins\beaver-builder-lite-version\modules\widget\includes\settings-general.php:31
[22-Aug-2021 18:39:50 UTC] PHP  15. Astra_Widget_Social_Profiles->form() C:\Users\Pira\Local Sites\pires\app\public\wp-content\plugins\beaver-builder-lite-version\modules\widget\widget.php:72
[22-Aug-2021 18:39:50 UTC] PHP  16. astra_generate_widget_fields() C:\Users\Pira\Local Sites\pires\app\public\wp-content\plugins\astra-widgets\classes\widgets\class-astra-widget-social-profiles.php:564
[22-Aug-2021 18:39:50 UTC] PHP  17. Astra_Widgets_Helper->generate() C:\Users\Pira\Local Sites\pires\app\public\wp-content\plugins\astra-widgets\classes\class-astra-widgets-helper.php:720
[22-Aug-2021 18:39:50 UTC] PHP  18. Astra_Widgets_Helper->generate_repeater_fields() C:\Users\Pira\Local Sites\pires\app\public\wp-content\plugins\astra-widgets\classes\class-astra-widgets-helper.php:453
[22-Aug-2021 18:39:50 UTC] PHP  19. array_key_exists() C:\Users\Pira\Local Sites\pires\app\public\wp-content\plugins\astra-widgets\classes\class-astra-widgets-helper.php:655
[02-Nov-2021 18:34:41 UTC] PHP Warning:  Failed loading Zend extension 'php_opcache.dll' (tried: C:/Program Files (x86)/Local/resources/extraResources/lightning-services/php-7.3.5+10/bin/win64/ext\php_opcache.dll (The specified module could not be found.), C:/Program Files (x86)/Local/resources/extraResources/lightning-services/php-7.3.5+10/bin/win64/ext\php_php_opcache.dll.dll (The specified module could not be found.)) in Unknown on line 0
[02-Nov-2021 18:34:41 UTC] PHP Warning:  Failed loading Zend extension 'php_opcache.dll' (tried: C:/Program Files (x86)/Local/resources/extraResources/lightning-services/php-7.3.5+10/bin/win64/ext\php_opcache.dll (The specified module could not be found.), C:/Program Files (x86)/Local/resources/extraResources/lightning-services/php-7.3.5+10/bin/win64/ext\php_php_opcache.dll.dll (The specified module could not be found.)) in Unknown on line 0
[02-Nov-2021 18:34:41 UTC] PHP Warning:  Failed loading Zend extension 'php_xdebug.dll' (tried: C:/Program Files (x86)/Local/resources/extraResources/lightning-services/php-7.3.5+10/bin/win64/ext\php_xdebug.dll (The specified module could not be found.), C:/Program Files (x86)/Local/resources/extraResources/lightning-services/php-7.3.5+10/bin/win64/ext\php_php_xdebug.dll.dll (The specified module could not be found.)) in Unknown on line 0
[02-Nov-2021 18:34:41 UTC] PHP Warning:  Failed loading Zend extension 'php_xdebug.dll' (tried: C:/Program Files (x86)/Local/resources/extraResources/lightning-services/php-7.3.5+10/bin/win64/ext\php_xdebug.dll (The specified module could not be found.), C:/Program Files (x86)/Local/resources/extraResources/lightning-services/php-7.3.5+10/bin/win64/ext\php_php_xdebug.dll.dll (The specified module could not be found.)) in Unknown on line 0
[02-Nov-2021 18:34:41 UTC] PHP Warning:  PHP Startup: Unable to load dynamic library 'php_curl.dll' (tried: C:/Program Files (x86)/Local/resources/extraResources/lightning-services/php-7.3.5+10/bin/win64/ext\php_curl.dll (The specified module could not be found.), C:/Program Files (x86)/Local/resources/extraResources/lightning-services/php-7.3.5+10/bin/win64/ext\php_php_curl.dll.dll (The specified module could not be found.)) in Unknown on line 0
[02-Nov-2021 18:34:41 UTC] PHP Warning:  PHP Startup: Unable to load dynamic library 'php_curl.dll' (tried: C:/Program Files (x86)/Local/resources/extraResources/lightning-services/php-7.3.5+10/bin/win64/ext\php_curl.dll (The specified module could not be found.), C:/Program Files (x86)/Local/resources/extraResources/lightning-services/php-7.3.5+10/bin/win64/ext\php_php_curl.dll.dll (The specified module could not be found.)) in Unknown on line 0
[02-Nov-2021 18:34:41 UTC] PHP Warning:  PHP Startup: Unable to load dynamic library 'php_gettext.dll' (tried: C:/Program Files (x86)/Local/resources/extraResources/lightning-services/php-7.3.5+10/bin/win64/ext\php_gettext.dll (The specified module could not be found.), C:/Program Files (x86)/Local/resources/extraResources/lightning-services/php-7.3.5+10/bin/win64/ext\php_php_gettext.dll.dll (The specified module could not be found.)) in Unknown on line 0
[02-Nov-2021 18:34:41 UTC] PHP Warning:  PHP Startup: Unable to load dynamic library 'php_gettext.dll' (tried: C:/Program Files (x86)/Local/resources/extraResources/lightning-services/php-7.3.5+10/bin/win64/ext\php_gettext.dll (The specified module could not be found.), C:/Program Files (x86)/Local/resources/extraResources/lightning-services/php-7.3.5+10/bin/win64/ext\php_php_gettext.dll.dll (The specified module could not be found.)) in Unknown on line 0
[02-Nov-2021 18:34:41 UTC] PHP Warning:  PHP Startup: Unable to load dynamic library 'php_openssl.dll' (tried: C:/Program Files (x86)/Local/resources/extraResources/lightning-services/php-7.3.5+10/bin/win64/ext\php_openssl.dll (The specified module could not be found.), C:/Program Files (x86)/Local/resources/extraResources/lightning-services/php-7.3.5+10/bin/win64/ext\php_php_openssl.dll.dll (The specified module could not be found.)) in Unknown on line 0
[02-Nov-2021 18:34:41 UTC] PHP Warning:  PHP Startup: Unable to load dynamic library 'php_openssl.dll' (tried: C:/Program Files (x86)/Local/resources/extraResources/lightning-services/php-7.3.5+10/bin/win64/ext\php_openssl.dll (The specified module could not be found.), C:/Program Files (x86)/Local/resources/extraResources/lightning-services/php-7.3.5+10/bin/win64/ext\php_php_openssl.dll.dll (The specified module could not be found.)) in Unknown on line 0
[02-Nov-2021 18:34:41 UTC] PHP Warning:  PHP Startup: Unable to load dynamic library 'php_exif.dll' (tried: C:/Program Files (x86)/Local/resources/extraResources/lightning-services/php-7.3.5+10/bin/win64/ext\php_exif.dll (The specified module could not be found.), C:/Program Files (x86)/Local/resources/extraResources/lightning-services/php-7.3.5+10/bin/win64/ext\php_php_exif.dll.dll (The specified module could not be found.)) in Unknown on line 0
[02-Nov-2021 18:34:41 UTC] PHP Warning:  PHP Startup: Unable to load dynamic library 'php_exif.dll' (tried: C:/Program Files (x86)/Local/resources/extraResources/lightning-services/php-7.3.5+10/bin/win64/ext\php_exif.dll (The specified module could not be found.), C:/Program Files (x86)/Local/resources/extraResources/lightning-services/php-7.3.5+10/bin/win64/ext\php_php_exif.dll.dll (The specified module could not be found.)) in Unknown on line 0
[02-Nov-2021 18:34:41 UTC] PHP Warning:  PHP Startup: Unable to load dynamic library 'php_gd2.dll' (tried: C:/Program Files (x86)/Local/resources/extraResources/lightning-services/php-7.3.5+10/bin/win64/ext\php_gd2.dll (The specified module could not be found.), C:/Program Files (x86)/Local/resources/extraResources/lightning-services/php-7.3.5+10/bin/win64/ext\php_php_gd2.dll.dll (The specified module could not be found.)) in Unknown on line 0
[02-Nov-2021 18:34:41 UTC] PHP Warning:  PHP Startup: Unable to load dynamic library 'php_gd2.dll' (tried: C:/Program Files (x86)/Local/resources/extraResources/lightning-services/php-7.3.5+10/bin/win64/ext\php_gd2.dll (The specified module could not be found.), C:/Program Files (x86)/Local/resources/extraResources/lightning-services/php-7.3.5+10/bin/win64/ext\php_php_gd2.dll.dll (The specified module could not be found.)) in Unknown on line 0
[02-Nov-2021 18:34:41 UTC] PHP Warning:  PHP Startup: Unable to load dynamic library 'php_ftp.dll' (tried: C:/Program Files (x86)/Local/resources/extraResources/lightning-services/php-7.3.5+10/bin/win64/ext\php_ftp.dll (The specified module could not be found.), C:/Program Files (x86)/Local/resources/extraResources/lightning-services/php-7.3.5+10/bin/win64/ext\php_php_ftp.dll.dll (The specified module could not be found.)) in Unknown on line 0
[02-Nov-2021 18:34:41 UTC] PHP Warning:  PHP Startup: Unable to load dynamic library 'php_ftp.dll' (tried: C:/Program Files (x86)/Local/resources/extraResources/lightning-services/php-7.3.5+10/bin/win64/ext\php_ftp.dll (The specified module could not be found.), C:/Program Files (x86)/Local/resources/extraResources/lightning-services/php-7.3.5+10/bin/win64/ext\php_php_ftp.dll.dll (The specified module could not be found.)) in Unknown on line 0
[02-Nov-2021 18:34:41 UTC] PHP Warning:  PHP Startup: Unable to load dynamic library 'php_imap.dll' (tried: C:/Program Files (x86)/Local/resources/extraResources/lightning-services/php-7.3.5+10/bin/win64/ext\php_imap.dll (The specified module could not be found.), C:/Program Files (x86)/Local/resources/extraResources/lightning-services/php-7.3.5+10/bin/win64/ext\php_php_imap.dll.dll (The specified module could not be found.)) in Unknown on line 0
[02-Nov-2021 18:34:41 UTC] PHP Warning:  PHP Startup: Unable to load dynamic library 'php_imap.dll' (tried: C:/Program Files (x86)/Local/resources/extraResources/lightning-services/php-7.3.5+10/bin/win64/ext\php_imap.dll (The specified module could not be found.), C:/Program Files (x86)/Local/resources/extraResources/lightning-services/php-7.3.5+10/bin/win64/ext\php_php_imap.dll.dll (The specified module could not be found.)) in Unknown on line 0
[02-Nov-2021 18:34:41 UTC] PHP Warning:  PHP Startup: Unable to load dynamic library 'php_bz2.dll' (tried: C:/Program Files (x86)/Local/resources/extraResources/lightning-services/php-7.3.5+10/bin/win64/ext\php_bz2.dll (The specified module could not be found.), C:/Program Files (x86)/Local/resources/extraResources/lightning-services/php-7.3.5+10/bin/win64/ext\php_php_bz2.dll.dll (The specified module could not be found.)) in Unknown on line 0
[02-Nov-2021 18:34:41 UTC] PHP Warning:  PHP Startup: Unable to load dynamic library 'php_bz2.dll' (tried: C:/Program Files (x86)/Local/resources/extraResources/lightning-services/php-7.3.5+10/bin/win64/ext\php_bz2.dll (The specified module could not be found.), C:/Program Files (x86)/Local/resources/extraResources/lightning-services/php-7.3.5+10/bin/win64/ext\php_php_bz2.dll.dll (The specified module could not be found.)) in Unknown on line 0
[02-Nov-2021 18:34:41 UTC] PHP Warning:  PHP Startup: Unable to load dynamic library 'php_mbstring.dll' (tried: C:/Program Files (x86)/Local/resources/extraResources/lightning-services/php-7.3.5+10/bin/win64/ext\php_mbstring.dll (The specified module could not be found.), C:/Program Files (x86)/Local/resources/extraResources/lightning-services/php-7.3.5+10/bin/win64/ext\php_php_mbstring.dll.dll (The specified module could not be found.)) in Unknown on line 0
[02-Nov-2021 18:34:41 UTC] PHP Warning:  PHP Startup: Unable to load dynamic library 'php_mbstring.dll' (tried: C:/Program Files (x86)/Local/resources/extraResources/lightning-services/php-7.3.5+10/bin/win64/ext\php_mbstring.dll (The specified module could not be found.), C:/Program Files (x86)/Local/resources/extraResources/lightning-services/php-7.3.5+10/bin/win64/ext\php_php_mbstring.dll.dll (The specified module could not be found.)) in Unknown on line 0
[02-Nov-2021 18:34:41 UTC] PHP Warning:  PHP Startup: Unable to load dynamic library 'php_sodium.dll' (tried: C:/Program Files (x86)/Local/resources/extraResources/lightning-services/php-7.3.5+10/bin/win64/ext\php_sodium.dll (The specified module could not be found.), C:/Program Files (x86)/Local/resources/extraResources/lightning-services/php-7.3.5+10/bin/win64/ext\php_php_sodium.dll.dll (The specified module could not be found.)) in Unknown on line 0
[02-Nov-2021 18:34:41 UTC] PHP Warning:  PHP Startup: Unable to load dynamic library 'php_sodium.dll' (tried: C:/Program Files (x86)/Local/resources/extraResources/lightning-services/php-7.3.5+10/bin/win64/ext\php_sodium.dll (The specified module could not be found.), C:/Program Files (x86)/Local/resources/extraResources/lightning-services/php-7.3.5+10/bin/win64/ext\php_php_sodium.dll.dll (The specified module could not be found.)) in Unknown on line 0
[02-Nov-2021 18:34:41 UTC] PHP Warning:  PHP Startup: Unable to load dynamic library 'php_tidy.dll' (tried: C:/Program Files (x86)/Local/resources/extraResources/lightning-services/php-7.3.5+10/bin/win64/ext\php_tidy.dll (The specified module could not be found.), C:/Program Files (x86)/Local/resources/extraResources/lightning-services/php-7.3.5+10/bin/win64/ext\php_php_tidy.dll.dll (The specified module could not be found.)) in Unknown on line 0
[02-Nov-2021 18:34:41 UTC] PHP Warning:  PHP Startup: Unable to load dynamic library 'php_tidy.dll' (tried: C:/Program Files (x86)/Local/resources/extraResources/lightning-services/php-7.3.5+10/bin/win64/ext\php_tidy.dll (The specified module could not be found.), C:/Program Files (x86)/Local/resources/extraResources/lightning-services/php-7.3.5+10/bin/win64/ext\php_php_tidy.dll.dll (The specified module could not be found.)) in Unknown on line 0
[02-Nov-2021 18:34:41 UTC] PHP Warning:  PHP Startup: Unable to load dynamic library 'php_xsl.dll' (tried: C:/Program Files (x86)/Local/resources/extraResources/lightning-services/php-7.3.5+10/bin/win64/ext\php_xsl.dll (The specified module could not be found.), C:/Program Files (x86)/Local/resources/extraResources/lightning-services/php-7.3.5+10/bin/win64/ext\php_php_xsl.dll.dll (The specified module could not be found.)) in Unknown on line 0
[02-Nov-2021 18:34:41 UTC] PHP Warning:  PHP Startup: Unable to load dynamic library 'php_xsl.dll' (tried: C:/Program Files (x86)/Local/resources/extraResources/lightning-services/php-7.3.5+10/bin/win64/ext\php_xsl.dll (The specified module could not be found.), C:/Program Files (x86)/Local/resources/extraResources/lightning-services/php-7.3.5+10/bin/win64/ext\php_php_xsl.dll.dll (The specified module could not be found.)) in Unknown on line 0
[02-Nov-2021 18:34:41 UTC] PHP Warning:  PHP Startup: Unable to load dynamic library 'php_xmlrpc.dll' (tried: C:/Program Files (x86)/Local/resources/extraResources/lightning-services/php-7.3.5+10/bin/win64/ext\php_xmlrpc.dll (The specified module could not be found.), C:/Program Files (x86)/Local/resources/extraResources/lightning-services/php-7.3.5+10/bin/win64/ext\php_php_xmlrpc.dll.dll (The specified module could not be found.)) in Unknown on line 0
[02-Nov-2021 18:34:41 UTC] PHP Warning:  PHP Startup: Unable to load dynamic library 'php_xmlrpc.dll' (tried: C:/Program Files (x86)/Local/resources/extraResources/lightning-services/php-7.3.5+10/bin/win64/ext\php_xmlrpc.dll (The specified module could not be found.), C:/Program Files (x86)/Local/resources/extraResources/lightning-services/php-7.3.5+10/bin/win64/ext\php_php_xmlrpc.dll.dll (The specified module could not be found.)) in Unknown on line 0
[02-Nov-2021 18:34:41 UTC] PHP Warning:  PHP Startup: Unable to load dynamic library 'php_soap.dll' (tried: C:/Program Files (x86)/Local/resources/extraResources/lightning-services/php-7.3.5+10/bin/win64/ext\php_soap.dll (The specified module could not be found.), C:/Program Files (x86)/Local/resources/extraResources/lightning-services/php-7.3.5+10/bin/win64/ext\php_php_soap.dll.dll (The specified module could not be found.)) in Unknown on line 0
[02-Nov-2021 18:34:41 UTC] PHP Warning:  PHP Startup: Unable to load dynamic library 'php_soap.dll' (tried: C:/Program Files (x86)/Local/resources/extraResources/lightning-services/php-7.3.5+10/bin/win64/ext\php_soap.dll (The specified module could not be found.), C:/Program Files (x86)/Local/resources/extraResources/lightning-services/php-7.3.5+10/bin/win64/ext\php_php_soap.dll.dll (The specified module could not be found.)) in Unknown on line 0
[02-Nov-2021 18:34:41 UTC] PHP Warning:  PHP Startup: Unable to load dynamic library 'php_mysqli.dll' (tried: C:/Program Files (x86)/Local/resources/extraResources/lightning-services/php-7.3.5+10/bin/win64/ext\php_mysqli.dll (The specified module could not be found.), C:/Program Files (x86)/Local/resources/extraResources/lightning-services/php-7.3.5+10/bin/win64/ext\php_php_mysqli.dll.dll (The specified module could not be found.)) in Unknown on line 0
[02-Nov-2021 18:34:41 UTC] PHP Warning:  PHP Startup: Unable to load dynamic library 'php_mysqli.dll' (tried: C:/Program Files (x86)/Local/resources/extraResources/lightning-services/php-7.3.5+10/bin/win64/ext\php_mysqli.dll (The specified module could not be found.), C:/Program Files (x86)/Local/resources/extraResources/lightning-services/php-7.3.5+10/bin/win64/ext\php_php_mysqli.dll.dll (The specified module could not be found.)) in Unknown on line 0
[02-Nov-2021 18:34:41 UTC] PHP Warning:  PHP Startup: Unable to load dynamic library 'php_pdo_mysql.dll' (tried: C:/Program Files (x86)/Local/resources/extraResources/lightning-services/php-7.3.5+10/bin/win64/ext\php_pdo_mysql.dll (The specified module could not be found.), C:/Program Files (x86)/Local/resources/extraResources/lightning-services/php-7.3.5+10/bin/win64/ext\php_php_pdo_mysql.dll.dll (The specified module could not be found.)) in Unknown on line 0
[02-Nov-2021 18:34:41 UTC] PHP Warning:  PHP Startup: Unable to load dynamic library 'php_pdo_mysql.dll' (tried: C:/Program Files (x86)/Local/resources/extraResources/lightning-services/php-7.3.5+10/bin/win64/ext\php_pdo_mysql.dll (The specified module could not be found.), C:/Program Files (x86)/Local/resources/extraResources/lightning-services/php-7.3.5+10/bin/win64/ext\php_php_pdo_mysql.dll.dll (The specified module could not be found.)) in Unknown on line 0
[02-Nov-2021 18:34:45 UTC] PHP Fatal error:  Uncaught Error: Call to undefined function mysql_connect() in C:\Users\Pira\Local Sites\pires\app\public\wp-includes\wp-db.php:1688
Stack trace:
#0 C:\Users\Pira\Local Sites\pires\app\public\wp-includes\wp-db.php(632): wpdb->db_connect()
#1 C:\Users\Pira\Local Sites\pires\app\public\wp-includes\load.php(545): wpdb->__construct('root', 'root', 'local', 'localhost')
#2 C:\Users\Pira\Local Sites\pires\app\public\wp-settings.php(124): require_wp_db()
#3 phar://C:/Program Files (x86)/Local/resources/extraResources/bin/wp-cli/wp-cli.phar/vendor/wp-cli/wp-cli/php/WP_CLI/Runner.php(1271): require('C:\\Users\\Pira\\L...')
#4 phar://C:/Program Files (x86)/Local/resources/extraResources/bin/wp-cli/wp-cli.phar/vendor/wp-cli/wp-cli/php/WP_CLI/Runner.php(1192): WP_CLI\Runner->load_wordpress()
#5 phar://C:/Program Files (x86)/Local/resources/extraResources/bin/wp-cli/wp-cli.phar/vendor/wp-cli/wp-cli/php/WP_CLI/Bootstrap/LaunchRunner.php(23): WP_CLI\Runner->start()
#6 phar://C:/Program Files (x86)/Local/resources/extraResour in C:\Users\Pira\Local Sites\pires\app\public\wp-includes\wp-db.php on line 1688
[28-Nov-2021 18:16:00 UTC] PHP Warning:  Failed loading Zend extension 'php_opcache.dll' (tried: C:/Program Files (x86)/Local/resources/extraResources/lightning-services/php-7.3.5+10/bin/win64/ext\php_opcache.dll (The specified module could not be found.), C:/Program Files (x86)/Local/resources/extraResources/lightning-services/php-7.3.5+10/bin/win64/ext\php_php_opcache.dll.dll (The specified module could not be found.)) in Unknown on line 0
[28-Nov-2021 18:16:00 UTC] PHP Warning:  Failed loading Zend extension 'php_opcache.dll' (tried: C:/Program Files (x86)/Local/resources/extraResources/lightning-services/php-7.3.5+10/bin/win64/ext\php_opcache.dll (The specified module could not be found.), C:/Program Files (x86)/Local/resources/extraResources/lightning-services/php-7.3.5+10/bin/win64/ext\php_php_opcache.dll.dll (The specified module could not be found.)) in Unknown on line 0
[28-Nov-2021 18:16:00 UTC] PHP Warning:  Failed loading Zend extension 'php_xdebug.dll' (tried: C:/Program Files (x86)/Local/resources/extraResources/lightning-services/php-7.3.5+10/bin/win64/ext\php_xdebug.dll (The specified module could not be found.), C:/Program Files (x86)/Local/resources/extraResources/lightning-services/php-7.3.5+10/bin/win64/ext\php_php_xdebug.dll.dll (The specified module could not be found.)) in Unknown on line 0
[28-Nov-2021 18:16:00 UTC] PHP Warning:  Failed loading Zend extension 'php_xdebug.dll' (tried: C:/Program Files (x86)/Local/resources/extraResources/lightning-services/php-7.3.5+10/bin/win64/ext\php_xdebug.dll (The specified module could not be found.), C:/Program Files (x86)/Local/resources/extraResources/lightning-services/php-7.3.5+10/bin/win64/ext\php_php_xdebug.dll.dll (The specified module could not be found.)) in Unknown on line 0
[28-Nov-2021 18:16:00 UTC] PHP Warning:  PHP Startup: Unable to load dynamic library 'php_curl.dll' (tried: C:/Program Files (x86)/Local/resources/extraResources/lightning-services/php-7.3.5+10/bin/win64/ext\php_curl.dll (The specified module could not be found.), C:/Program Files (x86)/Local/resources/extraResources/lightning-services/php-7.3.5+10/bin/win64/ext\php_php_curl.dll.dll (The specified module could not be found.)) in Unknown on line 0
[28-Nov-2021 18:16:00 UTC] PHP Warning:  PHP Startup: Unable to load dynamic library 'php_curl.dll' (tried: C:/Program Files (x86)/Local/resources/extraResources/lightning-services/php-7.3.5+10/bin/win64/ext\php_curl.dll (The specified module could not be found.), C:/Program Files (x86)/Local/resources/extraResources/lightning-services/php-7.3.5+10/bin/win64/ext\php_php_curl.dll.dll (The specified module could not be found.)) in Unknown on line 0
[28-Nov-2021 18:16:00 UTC] PHP Warning:  PHP Startup: Unable to load dynamic library 'php_gettext.dll' (tried: C:/Program Files (x86)/Local/resources/extraResources/lightning-services/php-7.3.5+10/bin/win64/ext\php_gettext.dll (The specified module could not be found.), C:/Program Files (x86)/Local/resources/extraResources/lightning-services/php-7.3.5+10/bin/win64/ext\php_php_gettext.dll.dll (The specified module could not be found.)) in Unknown on line 0
[28-Nov-2021 18:16:00 UTC] PHP Warning:  PHP Startup: Unable to load dynamic library 'php_gettext.dll' (tried: C:/Program Files (x86)/Local/resources/extraResources/lightning-services/php-7.3.5+10/bin/win64/ext\php_gettext.dll (The specified module could not be found.), C:/Program Files (x86)/Local/resources/extraResources/lightning-services/php-7.3.5+10/bin/win64/ext\php_php_gettext.dll.dll (The specified module could not be found.)) in Unknown on line 0
[28-Nov-2021 18:16:00 UTC] PHP Warning:  PHP Startup: Unable to load dynamic library 'php_openssl.dll' (tried: C:/Program Files (x86)/Local/resources/extraResources/lightning-services/php-7.3.5+10/bin/win64/ext\php_openssl.dll (The specified module could not be found.), C:/Program Files (x86)/Local/resources/extraResources/lightning-services/php-7.3.5+10/bin/win64/ext\php_php_openssl.dll.dll (The specified module could not be found.)) in Unknown on line 0
[28-Nov-2021 18:16:00 UTC] PHP Warning:  PHP Startup: Unable to load dynamic library 'php_openssl.dll' (tried: C:/Program Files (x86)/Local/resources/extraResources/lightning-services/php-7.3.5+10/bin/win64/ext\php_openssl.dll (The specified module could not be found.), C:/Program Files (x86)/Local/resources/extraResources/lightning-services/php-7.3.5+10/bin/win64/ext\php_php_openssl.dll.dll (The specified module could not be found.)) in Unknown on line 0
[28-Nov-2021 18:16:00 UTC] PHP Warning:  PHP Startup: Unable to load dynamic library 'php_exif.dll' (tried: C:/Program Files (x86)/Local/resources/extraResources/lightning-services/php-7.3.5+10/bin/win64/ext\php_exif.dll (The specified module could not be found.), C:/Program Files (x86)/Local/resources/extraResources/lightning-services/php-7.3.5+10/bin/win64/ext\php_php_exif.dll.dll (The specified module could not be found.)) in Unknown on line 0
[28-Nov-2021 18:16:00 UTC] PHP Warning:  PHP Startup: Unable to load dynamic library 'php_exif.dll' (tried: C:/Program Files (x86)/Local/resources/extraResources/lightning-services/php-7.3.5+10/bin/win64/ext\php_exif.dll (The specified module could not be found.), C:/Program Files (x86)/Local/resources/extraResources/lightning-services/php-7.3.5+10/bin/win64/ext\php_php_exif.dll.dll (The specified module could not be found.)) in Unknown on line 0
[28-Nov-2021 18:16:00 UTC] PHP Warning:  PHP Startup: Unable to load dynamic library 'php_gd2.dll' (tried: C:/Program Files (x86)/Local/resources/extraResources/lightning-services/php-7.3.5+10/bin/win64/ext\php_gd2.dll (The specified module could not be found.), C:/Program Files (x86)/Local/resources/extraResources/lightning-services/php-7.3.5+10/bin/win64/ext\php_php_gd2.dll.dll (The specified module could not be found.)) in Unknown on line 0
[28-Nov-2021 18:16:00 UTC] PHP Warning:  PHP Startup: Unable to load dynamic library 'php_gd2.dll' (tried: C:/Program Files (x86)/Local/resources/extraResources/lightning-services/php-7.3.5+10/bin/win64/ext\php_gd2.dll (The specified module could not be found.), C:/Program Files (x86)/Local/resources/extraResources/lightning-services/php-7.3.5+10/bin/win64/ext\php_php_gd2.dll.dll (The specified module could not be found.)) in Unknown on line 0
[28-Nov-2021 18:16:00 UTC] PHP Warning:  PHP Startup: Unable to load dynamic library 'php_ftp.dll' (tried: C:/Program Files (x86)/Local/resources/extraResources/lightning-services/php-7.3.5+10/bin/win64/ext\php_ftp.dll (The specified module could not be found.), C:/Program Files (x86)/Local/resources/extraResources/lightning-services/php-7.3.5+10/bin/win64/ext\php_php_ftp.dll.dll (The specified module could not be found.)) in Unknown on line 0
[28-Nov-2021 18:16:00 UTC] PHP Warning:  PHP Startup: Unable to load dynamic library 'php_ftp.dll' (tried: C:/Program Files (x86)/Local/resources/extraResources/lightning-services/php-7.3.5+10/bin/win64/ext\php_ftp.dll (The specified module could not be found.), C:/Program Files (x86)/Local/resources/extraResources/lightning-services/php-7.3.5+10/bin/win64/ext\php_php_ftp.dll.dll (The specified module could not be found.)) in Unknown on line 0
[28-Nov-2021 18:16:00 UTC] PHP Warning:  PHP Startup: Unable to load dynamic library 'php_imap.dll' (tried: C:/Program Files (x86)/Local/resources/extraResources/lightning-services/php-7.3.5+10/bin/win64/ext\php_imap.dll (The specified module could not be found.), C:/Program Files (x86)/Local/resources/extraResources/lightning-services/php-7.3.5+10/bin/win64/ext\php_php_imap.dll.dll (The specified module could not be found.)) in Unknown on line 0
[28-Nov-2021 18:16:00 UTC] PHP Warning:  PHP Startup: Unable to load dynamic library 'php_imap.dll' (tried: C:/Program Files (x86)/Local/resources/extraResources/lightning-services/php-7.3.5+10/bin/win64/ext\php_imap.dll (The specified module could not be found.), C:/Program Files (x86)/Local/resources/extraResources/lightning-services/php-7.3.5+10/bin/win64/ext\php_php_imap.dll.dll (The specified module could not be found.)) in Unknown on line 0
[28-Nov-2021 18:16:00 UTC] PHP Warning:  PHP Startup: Unable to load dynamic library 'php_bz2.dll' (tried: C:/Program Files (x86)/Local/resources/extraResources/lightning-services/php-7.3.5+10/bin/win64/ext\php_bz2.dll (The specified module could not be found.), C:/Program Files (x86)/Local/resources/extraResources/lightning-services/php-7.3.5+10/bin/win64/ext\php_php_bz2.dll.dll (The specified module could not be found.)) in Unknown on line 0
[28-Nov-2021 18:16:00 UTC] PHP Warning:  PHP Startup: Unable to load dynamic library 'php_bz2.dll' (tried: C:/Program Files (x86)/Local/resources/extraResources/lightning-services/php-7.3.5+10/bin/win64/ext\php_bz2.dll (The specified module could not be found.), C:/Program Files (x86)/Local/resources/extraResources/lightning-services/php-7.3.5+10/bin/win64/ext\php_php_bz2.dll.dll (The specified module could not be found.)) in Unknown on line 0
[28-Nov-2021 18:16:00 UTC] PHP Warning:  PHP Startup: Unable to load dynamic library 'php_mbstring.dll' (tried: C:/Program Files (x86)/Local/resources/extraResources/lightning-services/php-7.3.5+10/bin/win64/ext\php_mbstring.dll (The specified module could not be found.), C:/Program Files (x86)/Local/resources/extraResources/lightning-services/php-7.3.5+10/bin/win64/ext\php_php_mbstring.dll.dll (The specified module could not be found.)) in Unknown on line 0
[28-Nov-2021 18:16:00 UTC] PHP Warning:  PHP Startup: Unable to load dynamic library 'php_mbstring.dll' (tried: C:/Program Files (x86)/Local/resources/extraResources/lightning-services/php-7.3.5+10/bin/win64/ext\php_mbstring.dll (The specified module could not be found.), C:/Program Files (x86)/Local/resources/extraResources/lightning-services/php-7.3.5+10/bin/win64/ext\php_php_mbstring.dll.dll (The specified module could not be found.)) in Unknown on line 0
[28-Nov-2021 18:16:00 UTC] PHP Warning:  PHP Startup: Unable to load dynamic library 'php_sodium.dll' (tried: C:/Program Files (x86)/Local/resources/extraResources/lightning-services/php-7.3.5+10/bin/win64/ext\php_sodium.dll (The specified module could not be found.), C:/Program Files (x86)/Local/resources/extraResources/lightning-services/php-7.3.5+10/bin/win64/ext\php_php_sodium.dll.dll (The specified module could not be found.)) in Unknown on line 0
[28-Nov-2021 18:16:00 UTC] PHP Warning:  PHP Startup: Unable to load dynamic library 'php_sodium.dll' (tried: C:/Program Files (x86)/Local/resources/extraResources/lightning-services/php-7.3.5+10/bin/win64/ext\php_sodium.dll (The specified module could not be found.), C:/Program Files (x86)/Local/resources/extraResources/lightning-services/php-7.3.5+10/bin/win64/ext\php_php_sodium.dll.dll (The specified module could not be found.)) in Unknown on line 0
[28-Nov-2021 18:16:00 UTC] PHP Warning:  PHP Startup: Unable to load dynamic library 'php_tidy.dll' (tried: C:/Program Files (x86)/Local/resources/extraResources/lightning-services/php-7.3.5+10/bin/win64/ext\php_tidy.dll (The specified module could not be found.), C:/Program Files (x86)/Local/resources/extraResources/lightning-services/php-7.3.5+10/bin/win64/ext\php_php_tidy.dll.dll (The specified module could not be found.)) in Unknown on line 0
[28-Nov-2021 18:16:00 UTC] PHP Warning:  PHP Startup: Unable to load dynamic library 'php_tidy.dll' (tried: C:/Program Files (x86)/Local/resources/extraResources/lightning-services/php-7.3.5+10/bin/win64/ext\php_tidy.dll (The specified module could not be found.), C:/Program Files (x86)/Local/resources/extraResources/lightning-services/php-7.3.5+10/bin/win64/ext\php_php_tidy.dll.dll (The specified module could not be found.)) in Unknown on line 0
[28-Nov-2021 18:16:00 UTC] PHP Warning:  PHP Startup: Unable to load dynamic library 'php_xsl.dll' (tried: C:/Program Files (x86)/Local/resources/extraResources/lightning-services/php-7.3.5+10/bin/win64/ext\php_xsl.dll (The specified module could not be found.), C:/Program Files (x86)/Local/resources/extraResources/lightning-services/php-7.3.5+10/bin/win64/ext\php_php_xsl.dll.dll (The specified module could not be found.)) in Unknown on line 0
[28-Nov-2021 18:16:00 UTC] PHP Warning:  PHP Startup: Unable to load dynamic library 'php_xsl.dll' (tried: C:/Program Files (x86)/Local/resources/extraResources/lightning-services/php-7.3.5+10/bin/win64/ext\php_xsl.dll (The specified module could not be found.), C:/Program Files (x86)/Local/resources/extraResources/lightning-services/php-7.3.5+10/bin/win64/ext\php_php_xsl.dll.dll (The specified module could not be found.)) in Unknown on line 0
[28-Nov-2021 18:16:00 UTC] PHP Warning:  PHP Startup: Unable to load dynamic library 'php_xmlrpc.dll' (tried: C:/Program Files (x86)/Local/resources/extraResources/lightning-services/php-7.3.5+10/bin/win64/ext\php_xmlrpc.dll (The specified module could not be found.), C:/Program Files (x86)/Local/resources/extraResources/lightning-services/php-7.3.5+10/bin/win64/ext\php_php_xmlrpc.dll.dll (The specified module could not be found.)) in Unknown on line 0
[28-Nov-2021 18:16:00 UTC] PHP Warning:  PHP Startup: Unable to load dynamic library 'php_xmlrpc.dll' (tried: C:/Program Files (x86)/Local/resources/extraResources/lightning-services/php-7.3.5+10/bin/win64/ext\php_xmlrpc.dll (The specified module could not be found.), C:/Program Files (x86)/Local/resources/extraResources/lightning-services/php-7.3.5+10/bin/win64/ext\php_php_xmlrpc.dll.dll (The specified module could not be found.)) in Unknown on line 0
[28-Nov-2021 18:16:00 UTC] PHP Warning:  PHP Startup: Unable to load dynamic library 'php_soap.dll' (tried: C:/Program Files (x86)/Local/resources/extraResources/lightning-services/php-7.3.5+10/bin/win64/ext\php_soap.dll (The specified module could not be found.), C:/Program Files (x86)/Local/resources/extraResources/lightning-services/php-7.3.5+10/bin/win64/ext\php_php_soap.dll.dll (The specified module could not be found.)) in Unknown on line 0
[28-Nov-2021 18:16:00 UTC] PHP Warning:  PHP Startup: Unable to load dynamic library 'php_soap.dll' (tried: C:/Program Files (x86)/Local/resources/extraResources/lightning-services/php-7.3.5+10/bin/win64/ext\php_soap.dll (The specified module could not be found.), C:/Program Files (x86)/Local/resources/extraResources/lightning-services/php-7.3.5+10/bin/win64/ext\php_php_soap.dll.dll (The specified module could not be found.)) in Unknown on line 0
[28-Nov-2021 18:16:00 UTC] PHP Warning:  PHP Startup: Unable to load dynamic library 'php_mysqli.dll' (tried: C:/Program Files (x86)/Local/resources/extraResources/lightning-services/php-7.3.5+10/bin/win64/ext\php_mysqli.dll (The specified module could not be found.), C:/Program Files (x86)/Local/resources/extraResources/lightning-services/php-7.3.5+10/bin/win64/ext\php_php_mysqli.dll.dll (The specified module could not be found.)) in Unknown on line 0
[28-Nov-2021 18:16:00 UTC] PHP Warning:  PHP Startup: Unable to load dynamic library 'php_mysqli.dll' (tried: C:/Program Files (x86)/Local/resources/extraResources/lightning-services/php-7.3.5+10/bin/win64/ext\php_mysqli.dll (The specified module could not be found.), C:/Program Files (x86)/Local/resources/extraResources/lightning-services/php-7.3.5+10/bin/win64/ext\php_php_mysqli.dll.dll (The specified module could not be found.)) in Unknown on line 0
[28-Nov-2021 18:16:00 UTC] PHP Warning:  PHP Startup: Unable to load dynamic library 'php_pdo_mysql.dll' (tried: C:/Program Files (x86)/Local/resources/extraResources/lightning-services/php-7.3.5+10/bin/win64/ext\php_pdo_mysql.dll (The specified module could not be found.), C:/Program Files (x86)/Local/resources/extraResources/lightning-services/php-7.3.5+10/bin/win64/ext\php_php_pdo_mysql.dll.dll (The specified module could not be found.)) in Unknown on line 0
[28-Nov-2021 18:16:00 UTC] PHP Warning:  PHP Startup: Unable to load dynamic library 'php_pdo_mysql.dll' (tried: C:/Program Files (x86)/Local/resources/extraResources/lightning-services/php-7.3.5+10/bin/win64/ext\php_pdo_mysql.dll (The specified module could not be found.), C:/Program Files (x86)/Local/resources/extraResources/lightning-services/php-7.3.5+10/bin/win64/ext\php_php_pdo_mysql.dll.dll (The specified module could not be found.)) in Unknown on line 0
[28-Nov-2021 18:16:13 UTC] PHP Fatal error:  Uncaught Error: Call to undefined function mysql_connect() in C:\Users\Pira\Local Sites\pires\app\public\wp-includes\wp-db.php:1688
Stack trace:
#0 C:\Users\Pira\Local Sites\pires\app\public\wp-includes\wp-db.php(632): wpdb->db_connect()
#1 C:\Users\Pira\Local Sites\pires\app\public\wp-includes\load.php(545): wpdb->__construct('root', 'root', 'local', 'localhost')
#2 C:\Users\Pira\Local Sites\pires\app\public\wp-settings.php(124): require_wp_db()
#3 phar://C:/Program Files (x86)/Local/resources/extraResources/bin/wp-cli/wp-cli.phar/vendor/wp-cli/wp-cli/php/WP_CLI/Runner.php(1271): require('C:\\Users\\Pira\\L...')
#4 phar://C:/Program Files (x86)/Local/resources/extraResources/bin/wp-cli/wp-cli.phar/vendor/wp-cli/wp-cli/php/WP_CLI/Runner.php(1192): WP_CLI\Runner->load_wordpress()
#5 phar://C:/Program Files (x86)/Local/resources/extraResources/bin/wp-cli/wp-cli.phar/vendor/wp-cli/wp-cli/php/WP_CLI/Bootstrap/LaunchRunner.php(23): WP_CLI\Runner->start()
#6 phar://C:/Program Files (x86)/Local/resources/extraResour in C:\Users\Pira\Local Sites\pires\app\public\wp-includes\wp-db.php on line 1688
[28-Nov-2021 18:20:27 UTC] PHP Warning:  Invalid argument supplied for foreach() in C:\Users\Pira\Local Sites\pires\app\public\wp-content\plugins\elementor\modules\usage\module.php on line 456
[28-Nov-2021 18:20:27 UTC] PHP Stack trace:
[28-Nov-2021 18:20:27 UTC] PHP   1. {main}() C:\Users\Pira\Local Sites\pires\app\public\wp-cron.php:0
[28-Nov-2021 18:20:27 UTC] PHP   2. do_action_ref_array() C:\Users\Pira\Local Sites\pires\app\public\wp-cron.php:138
[28-Nov-2021 18:20:27 UTC] PHP   3. WP_Hook->do_action() C:\Users\Pira\Local Sites\pires\app\public\wp-includes\plugin.php:551
[28-Nov-2021 18:20:27 UTC] PHP   4. WP_Hook->apply_filters() C:\Users\Pira\Local Sites\pires\app\public\wp-includes\class-wp-hook.php:316
[28-Nov-2021 18:20:27 UTC] PHP   5. wp_scheduled_delete() C:\Users\Pira\Local Sites\pires\app\public\wp-includes\class-wp-hook.php:292
[28-Nov-2021 18:20:27 UTC] PHP   6. wp_delete_post() C:\Users\Pira\Local Sites\pires\app\public\wp-includes\functions.php:6066
[28-Nov-2021 18:20:27 UTC] PHP   7. do_action() C:\Users\Pira\Local Sites\pires\app\public\wp-includes\post.php:3125
[28-Nov-2021 18:20:27 UTC] PHP   8. WP_Hook->do_action() C:\Users\Pira\Local Sites\pires\app\public\wp-includes\plugin.php:484
[28-Nov-2021 18:20:27 UTC] PHP   9. WP_Hook->apply_filters() C:\Users\Pira\Local Sites\pires\app\public\wp-includes\class-wp-hook.php:316
[28-Nov-2021 18:20:27 UTC] PHP  10. Elementor\Modules\Usage\Module->on_before_delete_post() C:\Users\Pira\Local Sites\pires\app\public\wp-includes\class-wp-hook.php:294
[28-Nov-2021 18:20:27 UTC] PHP  11. Elementor\Modules\Usage\Module->remove_from_global() C:\Users\Pira\Local Sites\pires\app\public\wp-content\plugins\elementor\modules\usage\module.php:241
[28-Nov-2021 22:52:51 UTC] PHP Warning:  array_merge(): Expected parameter 1 to be an array, bool given in C:\Users\Pira\Local Sites\pires\app\public\wp-content\plugins\advanced-google-translate\advanced-google-translate.php on line 34
[28-Nov-2021 22:52:51 UTC] PHP Stack trace:
[28-Nov-2021 22:52:51 UTC] PHP   1. {main}() C:\Users\Pira\Local Sites\pires\app\public\wp-admin\plugins.php:0
[28-Nov-2021 22:52:51 UTC] PHP   2. activate_plugin() C:\Users\Pira\Local Sites\pires\app\public\wp-admin\plugins.php:58
[28-Nov-2021 22:52:51 UTC] PHP   3. do_action() C:\Users\Pira\Local Sites\pires\app\public\wp-admin\includes\plugin.php:701
[28-Nov-2021 22:52:51 UTC] PHP   4. WP_Hook->do_action() C:\Users\Pira\Local Sites\pires\app\public\wp-includes\plugin.php:484
[28-Nov-2021 22:52:51 UTC] PHP   5. WP_Hook->apply_filters() C:\Users\Pira\Local Sites\pires\app\public\wp-includes\class-wp-hook.php:316
[28-Nov-2021 22:52:51 UTC] PHP   6. agt_activate() C:\Users\Pira\Local Sites\pires\app\public\wp-includes\class-wp-hook.php:292
[28-Nov-2021 22:52:51 UTC] PHP   7. array_merge() C:\Users\Pira\Local Sites\pires\app\public\wp-content\plugins\advanced-google-translate\advanced-google-translate.php:34
[28-Nov-2021 22:52:51 UTC] PHP Warning:  count(): Parameter must be an array or an object that implements Countable in C:\Users\Pira\Local Sites\pires\app\public\wp-content\plugins\advanced-google-translate\agt-main.php on line 230
[28-Nov-2021 22:52:51 UTC] PHP Stack trace:
[28-Nov-2021 22:52:51 UTC] PHP   1. {main}() C:\Users\Pira\Local Sites\pires\app\public\wp-admin\plugins.php:0
[28-Nov-2021 22:52:51 UTC] PHP   2. require_once() C:\Users\Pira\Local Sites\pires\app\public\wp-admin\plugins.php:10
[28-Nov-2021 22:52:51 UTC] PHP   3. require_once() C:\Users\Pira\Local Sites\pires\app\public\wp-admin\admin.php:34
[28-Nov-2021 22:52:51 UTC] PHP   4. require_once() C:\Users\Pira\Local Sites\pires\app\public\wp-load.php:37
[28-Nov-2021 22:52:51 UTC] PHP   5. require_once() C:\Users\Pira\Local Sites\pires\app\public\wp-config.php:77
[28-Nov-2021 22:52:51 UTC] PHP   6. do_action() C:\Users\Pira\Local Sites\pires\app\public\wp-settings.php:560
[28-Nov-2021 22:52:51 UTC] PHP   7. WP_Hook->do_action() C:\Users\Pira\Local Sites\pires\app\public\wp-includes\plugin.php:484
[28-Nov-2021 22:52:51 UTC] PHP   8. WP_Hook->apply_filters() C:\Users\Pira\Local Sites\pires\app\public\wp-includes\class-wp-hook.php:316
[28-Nov-2021 22:52:51 UTC] PHP   9. agt_main->ssb_icons_migration() C:\Users\Pira\Local Sites\pires\app\public\wp-includes\class-wp-hook.php:292
[28-Nov-2021 22:52:52 UTC] PHP Warning:  count(): Parameter must be an array or an object that implements Countable in C:\Users\Pira\Local Sites\pires\app\public\wp-content\plugins\advanced-google-translate\agt-main.php on line 230
[28-Nov-2021 22:52:52 UTC] PHP Stack trace:
[28-Nov-2021 22:52:52 UTC] PHP   1. {main}() C:\Users\Pira\Local Sites\pires\app\public\wp-admin\admin-ajax.php:0
[28-Nov-2021 22:52:52 UTC] PHP   2. require_once() C:\Users\Pira\Local Sites\pires\app\public\wp-admin\admin-ajax.php:22
[28-Nov-2021 22:52:52 UTC] PHP   3. require_once() C:\Users\Pira\Local Sites\pires\app\public\wp-load.php:37
[28-Nov-2021 22:52:52 UTC] PHP   4. require_once() C:\Users\Pira\Local Sites\pires\app\public\wp-config.php:77
[28-Nov-2021 22:52:52 UTC] PHP   5. do_action() C:\Users\Pira\Local Sites\pires\app\public\wp-settings.php:560
[28-Nov-2021 22:52:52 UTC] PHP   6. WP_Hook->do_action() C:\Users\Pira\Local Sites\pires\app\public\wp-includes\plugin.php:484
[28-Nov-2021 22:52:52 UTC] PHP   7. WP_Hook->apply_filters() C:\Users\Pira\Local Sites\pires\app\public\wp-includes\class-wp-hook.php:316
[28-Nov-2021 22:52:52 UTC] PHP   8. agt_main->ssb_icons_migration() C:\Users\Pira\Local Sites\pires\app\public\wp-includes\class-wp-hook.php:292
[28-Nov-2021 22:52:53 UTC] PHP Warning:  count(): Parameter must be an array or an object that implements Countable in C:\Users\Pira\Local Sites\pires\app\public\wp-content\plugins\advanced-google-translate\agt-main.php on line 230
[28-Nov-2021 22:52:53 UTC] PHP Stack trace:
[28-Nov-2021 22:52:53 UTC] PHP   1. {main}() C:\Users\Pira\Local Sites\pires\app\public\index.php:0
[28-Nov-2021 22:52:53 UTC] PHP   2. require() C:\Users\Pira\Local Sites\pires\app\public\index.php:17
[28-Nov-2021 22:52:53 UTC] PHP   3. require_once() C:\Users\Pira\Local Sites\pires\app\public\wp-blog-header.php:13
[28-Nov-2021 22:52:53 UTC] PHP   4. require_once() C:\Users\Pira\Local Sites\pires\app\public\wp-load.php:37
[28-Nov-2021 22:52:53 UTC] PHP   5. require_once() C:\Users\Pira\Local Sites\pires\app\public\wp-config.php:77
[28-Nov-2021 22:52:53 UTC] PHP   6. do_action() C:\Users\Pira\Local Sites\pires\app\public\wp-settings.php:560
[28-Nov-2021 22:52:53 UTC] PHP   7. WP_Hook->do_action() C:\Users\Pira\Local Sites\pires\app\public\wp-includes\plugin.php:484
[28-Nov-2021 22:52:53 UTC] PHP   8. WP_Hook->apply_filters() C:\Users\Pira\Local Sites\pires\app\public\wp-includes\class-wp-hook.php:316
[28-Nov-2021 22:52:53 UTC] PHP   9. agt_main->ssb_icons_migration() C:\Users\Pira\Local Sites\pires\app\public\wp-includes\class-wp-hook.php:292
[28-Nov-2021 22:53:31 UTC] PHP Warning:  count(): Parameter must be an array or an object that implements Countable in C:\Users\Pira\Local Sites\pires\app\public\wp-content\plugins\advanced-google-translate\agt-main.php on line 230
[28-Nov-2021 22:53:31 UTC] PHP Stack trace:
[28-Nov-2021 22:53:31 UTC] PHP   1. {main}() C:\Users\Pira\Local Sites\pires\app\public\wp-admin\update-core.php:0
[28-Nov-2021 22:53:31 UTC] PHP   2. require_once() C:\Users\Pira\Local Sites\pires\app\public\wp-admin\update-core.php:10
[28-Nov-2021 22:53:31 UTC] PHP   3. require_once() C:\Users\Pira\Local Sites\pires\app\public\wp-admin\admin.php:34
[28-Nov-2021 22:53:31 UTC] PHP   4. require_once() C:\Users\Pira\Local Sites\pires\app\public\wp-load.php:37
[28-Nov-2021 22:53:31 UTC] PHP   5. require_once() C:\Users\Pira\Local Sites\pires\app\public\wp-config.php:77
[28-Nov-2021 22:53:31 UTC] PHP   6. do_action() C:\Users\Pira\Local Sites\pires\app\public\wp-settings.php:560
[28-Nov-2021 22:53:31 UTC] PHP   7. WP_Hook->do_action() C:\Users\Pira\Local Sites\pires\app\public\wp-includes\plugin.php:484
[28-Nov-2021 22:53:31 UTC] PHP   8. WP_Hook->apply_filters() C:\Users\Pira\Local Sites\pires\app\public\wp-includes\class-wp-hook.php:316
[28-Nov-2021 22:53:31 UTC] PHP   9. agt_main->ssb_icons_migration() C:\Users\Pira\Local Sites\pires\app\public\wp-includes\class-wp-hook.php:292
[28-Nov-2021 22:53:32 UTC] PHP Warning:  count(): Parameter must be an array or an object that implements Countable in C:\Users\Pira\Local Sites\pires\app\public\wp-content\plugins\advanced-google-translate\agt-main.php on line 230
[28-Nov-2021 22:53:32 UTC] PHP Stack trace:
[28-Nov-2021 22:53:32 UTC] PHP   1. {main}() C:\Users\Pira\Local Sites\pires\app\public\wp-cron.php:0
[28-Nov-2021 22:53:32 UTC] PHP   2. require_once() C:\Users\Pira\Local Sites\pires\app\public\wp-cron.php:44
[28-Nov-2021 22:53:32 UTC] PHP   3. require_once() C:\Users\Pira\Local Sites\pires\app\public\wp-load.php:37
[28-Nov-2021 22:53:32 UTC] PHP   4. require_once() C:\Users\Pira\Local Sites\pires\app\public\wp-config.php:77
[28-Nov-2021 22:53:32 UTC] PHP   5. do_action() C:\Users\Pira\Local Sites\pires\app\public\wp-settings.php:560
[28-Nov-2021 22:53:32 UTC] PHP   6. WP_Hook->do_action() C:\Users\Pira\Local Sites\pires\app\public\wp-includes\plugin.php:484
[28-Nov-2021 22:53:32 UTC] PHP   7. WP_Hook->apply_filters() C:\Users\Pira\Local Sites\pires\app\public\wp-includes\class-wp-hook.php:316
[28-Nov-2021 22:53:32 UTC] PHP   8. agt_main->ssb_icons_migration() C:\Users\Pira\Local Sites\pires\app\public\wp-includes\class-wp-hook.php:292
[28-Nov-2021 22:53:49 UTC] PHP Warning:  count(): Parameter must be an array or an object that implements Countable in C:\Users\Pira\Local Sites\pires\app\public\wp-content\plugins\advanced-google-translate\agt-main.php on line 230
[28-Nov-2021 22:53:49 UTC] PHP Stack trace:
[28-Nov-2021 22:53:49 UTC] PHP   1. {main}() C:\Users\Pira\Local Sites\pires\app\public\wp-admin\update-core.php:0
[28-Nov-2021 22:53:49 UTC] PHP   2. require_once() C:\Users\Pira\Local Sites\pires\app\public\wp-admin\update-core.php:10
[28-Nov-2021 22:53:49 UTC] PHP   3. require_once() C:\Users\Pira\Local Sites\pires\app\public\wp-admin\admin.php:34
[28-Nov-2021 22:53:49 UTC] PHP   4. require_once() C:\Users\Pira\Local Sites\pires\app\public\wp-load.php:37
[28-Nov-2021 22:53:49 UTC] PHP   5. require_once() C:\Users\Pira\Local Sites\pires\app\public\wp-config.php:77
[28-Nov-2021 22:53:49 UTC] PHP   6. do_action() C:\Users\Pira\Local Sites\pires\app\public\wp-settings.php:560
[28-Nov-2021 22:53:49 UTC] PHP   7. WP_Hook->do_action() C:\Users\Pira\Local Sites\pires\app\public\wp-includes\plugin.php:484
[28-Nov-2021 22:53:49 UTC] PHP   8. WP_Hook->apply_filters() C:\Users\Pira\Local Sites\pires\app\public\wp-includes\class-wp-hook.php:316
[28-Nov-2021 22:53:49 UTC] PHP   9. agt_main->ssb_icons_migration() C:\Users\Pira\Local Sites\pires\app\public\wp-includes\class-wp-hook.php:292
[28-Nov-2021 22:56:36 UTC] PHP Warning:  Une erreur imprvue est survenue. Il pourrait y avoir un problme avec WordPress.org ou la configuration de ce serveur. Si vous continuez  rencontrer ce problme, veuillez vous rendre sur les <a href="https://wpfr.net/support">forums de support</a>. (WordPress na pas pu tablir de connexion scurise vers WordPress.org. Veuillez contacter ladministrateur ou ladministratrice de votre serveur.) in C:\Users\Pira\Local Sites\pires\app\public\wp-admin\includes\update.php on line 143
[28-Nov-2021 22:56:36 UTC] PHP Stack trace:
[28-Nov-2021 22:56:36 UTC] PHP   1. {main}() C:\Users\Pira\Local Sites\pires\app\public\wp-admin\update-core.php:0
[28-Nov-2021 22:56:36 UTC] PHP   2. do_core_upgrade() C:\Users\Pira\Local Sites\pires\app\public\wp-admin\update-core.php:1070
[28-Nov-2021 22:56:36 UTC] PHP   3. Core_Upgrader->upgrade() C:\Users\Pira\Local Sites\pires\app\public\wp-admin\update-core.php:841
[28-Nov-2021 22:56:36 UTC] PHP   4. update_core() C:\Users\Pira\Local Sites\pires\app\public\wp-admin\includes\class-core-upgrader.php:172
[28-Nov-2021 22:56:36 UTC] PHP   5. get_core_checksums() C:\Users\Pira\Local Sites\pires\app\public\wp-admin\includes\update-core.php:1094
[28-Nov-2021 22:56:36 UTC] PHP   6. trigger_error() C:\Users\Pira\Local Sites\pires\app\public\wp-admin\includes\update.php:143
[28-Nov-2021 22:57:36 UTC] PHP Warning:  count(): Parameter must be an array or an object that implements Countable in C:\Users\Pira\Local Sites\pires\app\public\wp-content\plugins\advanced-google-translate\agt-main.php on line 230
[28-Nov-2021 22:57:36 UTC] PHP Stack trace:
[28-Nov-2021 22:57:36 UTC] PHP   1. {main}() C:\Users\Pira\Local Sites\pires\app\public\wp-cron.php:0
[28-Nov-2021 22:57:36 UTC] PHP   2. require_once() C:\Users\Pira\Local Sites\pires\app\public\wp-cron.php:44
[28-Nov-2021 22:57:36 UTC] PHP   3. require_once() C:\Users\Pira\Local Sites\pires\app\public\wp-load.php:50
[28-Nov-2021 22:57:36 UTC] PHP   4. require_once() C:\Users\Pira\Local Sites\pires\app\public\wp-config.php:77
[28-Nov-2021 22:57:36 UTC] PHP   5. do_action() C:\Users\Pira\Local Sites\pires\app\public\wp-settings.php:578
[28-Nov-2021 22:57:36 UTC] PHP   6. WP_Hook->do_action() C:\Users\Pira\Local Sites\pires\app\public\wp-includes\plugin.php:470
[28-Nov-2021 22:57:36 UTC] PHP   7. WP_Hook->apply_filters() C:\Users\Pira\Local Sites\pires\app\public\wp-includes\class-wp-hook.php:327
[28-Nov-2021 22:57:36 UTC] PHP   8. agt_main->ssb_icons_migration() C:\Users\Pira\Local Sites\pires\app\public\wp-includes\class-wp-hook.php:303
[28-Nov-2021 22:57:36 UTC] PHP Warning:  count(): Parameter must be an array or an object that implements Countable in C:\Users\Pira\Local Sites\pires\app\public\wp-content\plugins\advanced-google-translate\agt-main.php on line 230
[28-Nov-2021 22:57:36 UTC] PHP Stack trace:
[28-Nov-2021 22:57:36 UTC] PHP   1. {main}() C:\Users\Pira\Local Sites\pires\app\public\wp-admin\about.php:0
[28-Nov-2021 22:57:36 UTC] PHP   2. require_once() C:\Users\Pira\Local Sites\pires\app\public\wp-admin\about.php:10
[28-Nov-2021 22:57:36 UTC] PHP   3. require_once() C:\Users\Pira\Local Sites\pires\app\public\wp-admin\admin.php:34
[28-Nov-2021 22:57:36 UTC] PHP   4. require_once() C:\Users\Pira\Local Sites\pires\app\public\wp-load.php:50
[28-Nov-2021 22:57:36 UTC] PHP   5. require_once() C:\Users\Pira\Local Sites\pires\app\public\wp-config.php:77
[28-Nov-2021 22:57:36 UTC] PHP   6. do_action() C:\Users\Pira\Local Sites\pires\app\public\wp-settings.php:578
[28-Nov-2021 22:57:36 UTC] PHP   7. WP_Hook->do_action() C:\Users\Pira\Local Sites\pires\app\public\wp-includes\plugin.php:470
[28-Nov-2021 22:57:36 UTC] PHP   8. WP_Hook->apply_filters() C:\Users\Pira\Local Sites\pires\app\public\wp-includes\class-wp-hook.php:327
[28-Nov-2021 22:57:36 UTC] PHP   9. agt_main->ssb_icons_migration() C:\Users\Pira\Local Sites\pires\app\public\wp-includes\class-wp-hook.php:303
[28-Nov-2021 22:59:39 UTC] PHP Warning:  count(): Parameter must be an array or an object that implements Countable in C:\Users\Pira\Local Sites\pires\app\public\wp-content\plugins\advanced-google-translate\agt-main.php on line 230
[28-Nov-2021 22:59:39 UTC] PHP Stack trace:
[28-Nov-2021 22:59:39 UTC] PHP   1. {main}() C:\Users\Pira\Local Sites\pires\app\public\wp-admin\admin-ajax.php:0
[28-Nov-2021 22:59:39 UTC] PHP   2. require_once() C:\Users\Pira\Local Sites\pires\app\public\wp-admin\admin-ajax.php:22
[28-Nov-2021 22:59:39 UTC] PHP   3. require_once() C:\Users\Pira\Local Sites\pires\app\public\wp-load.php:50
[28-Nov-2021 22:59:39 UTC] PHP   4. require_once() C:\Users\Pira\Local Sites\pires\app\public\wp-config.php:77
[28-Nov-2021 22:59:39 UTC] PHP   5. do_action() C:\Users\Pira\Local Sites\pires\app\public\wp-settings.php:578
[28-Nov-2021 22:59:39 UTC] PHP   6. WP_Hook->do_action() C:\Users\Pira\Local Sites\pires\app\public\wp-includes\plugin.php:470
[28-Nov-2021 22:59:39 UTC] PHP   7. WP_Hook->apply_filters() C:\Users\Pira\Local Sites\pires\app\public\wp-includes\class-wp-hook.php:327
[28-Nov-2021 22:59:39 UTC] PHP   8. agt_main->ssb_icons_migration() C:\Users\Pira\Local Sites\pires\app\public\wp-includes\class-wp-hook.php:303
[28-Nov-2021 22:59:39 UTC] PHP Warning:  count(): Parameter must be an array or an object that implements Countable in C:\Users\Pira\Local Sites\pires\app\public\wp-content\plugins\advanced-google-translate\agt-main.php on line 230
[28-Nov-2021 22:59:39 UTC] PHP Stack trace:
[28-Nov-2021 22:59:39 UTC] PHP   1. {main}() C:\Users\Pira\Local Sites\pires\app\public\wp-cron.php:0
[28-Nov-2021 22:59:39 UTC] PHP   2. require_once() C:\Users\Pira\Local Sites\pires\app\public\wp-cron.php:44
[28-Nov-2021 22:59:39 UTC] PHP   3. require_once() C:\Users\Pira\Local Sites\pires\app\public\wp-load.php:50
[28-Nov-2021 22:59:39 UTC] PHP   4. require_once() C:\Users\Pira\Local Sites\pires\app\public\wp-config.php:77
[28-Nov-2021 22:59:39 UTC] PHP   5. do_action() C:\Users\Pira\Local Sites\pires\app\public\wp-settings.php:578
[28-Nov-2021 22:59:39 UTC] PHP   6. WP_Hook->do_action() C:\Users\Pira\Local Sites\pires\app\public\wp-includes\plugin.php:470
[28-Nov-2021 22:59:39 UTC] PHP   7. WP_Hook->apply_filters() C:\Users\Pira\Local Sites\pires\app\public\wp-includes\class-wp-hook.php:327
[28-Nov-2021 22:59:39 UTC] PHP   8. agt_main->ssb_icons_migration() C:\Users\Pira\Local Sites\pires\app\public\wp-includes\class-wp-hook.php:303
[28-Nov-2021 23:00:08 UTC] PHP Warning:  count(): Parameter must be an array or an object that implements Countable in C:\Users\Pira\Local Sites\pires\app\public\wp-content\plugins\advanced-google-translate\agt-main.php on line 230
[28-Nov-2021 23:00:08 UTC] PHP Stack trace:
[28-Nov-2021 23:00:08 UTC] PHP   1. {main}() C:\Users\Pira\Local Sites\pires\app\public\wp-admin\plugins.php:0
[28-Nov-2021 23:00:08 UTC] PHP   2. require_once() C:\Users\Pira\Local Sites\pires\app\public\wp-admin\plugins.php:10
[28-Nov-2021 23:00:08 UTC] PHP   3. require_once() C:\Users\Pira\Local Sites\pires\app\public\wp-admin\admin.php:34
[28-Nov-2021 23:00:08 UTC] PHP   4. require_once() C:\Users\Pira\Local Sites\pires\app\public\wp-load.php:50
[28-Nov-2021 23:00:08 UTC] PHP   5. require_once() C:\Users\Pira\Local Sites\pires\app\public\wp-config.php:77
[28-Nov-2021 23:00:08 UTC] PHP   6. do_action() C:\Users\Pira\Local Sites\pires\app\public\wp-settings.php:578
[28-Nov-2021 23:00:08 UTC] PHP   7. WP_Hook->do_action() C:\Users\Pira\Local Sites\pires\app\public\wp-includes\plugin.php:470
[28-Nov-2021 23:00:08 UTC] PHP   8. WP_Hook->apply_filters() C:\Users\Pira\Local Sites\pires\app\public\wp-includes\class-wp-hook.php:327
[28-Nov-2021 23:00:08 UTC] PHP   9. agt_main->ssb_icons_migration() C:\Users\Pira\Local Sites\pires\app\public\wp-includes\class-wp-hook.php:303
[28-Nov-2021 23:00:22 UTC] PHP Warning:  count(): Parameter must be an array or an object that implements Countable in C:\Users\Pira\Local Sites\pires\app\public\wp-content\plugins\advanced-google-translate\agt-main.php on line 230
[28-Nov-2021 23:00:22 UTC] PHP Stack trace:
[28-Nov-2021 23:00:22 UTC] PHP   1. {main}() C:\Users\Pira\Local Sites\pires\app\public\wp-admin\plugins.php:0
[28-Nov-2021 23:00:22 UTC] PHP   2. require_once() C:\Users\Pira\Local Sites\pires\app\public\wp-admin\plugins.php:10
[28-Nov-2021 23:00:22 UTC] PHP   3. require_once() C:\Users\Pira\Local Sites\pires\app\public\wp-admin\admin.php:34
[28-Nov-2021 23:00:22 UTC] PHP   4. require_once() C:\Users\Pira\Local Sites\pires\app\public\wp-load.php:50
[28-Nov-2021 23:00:22 UTC] PHP   5. require_once() C:\Users\Pira\Local Sites\pires\app\public\wp-config.php:77
[28-Nov-2021 23:00:22 UTC] PHP   6. do_action() C:\Users\Pira\Local Sites\pires\app\public\wp-settings.php:578
[28-Nov-2021 23:00:22 UTC] PHP   7. WP_Hook->do_action() C:\Users\Pira\Local Sites\pires\app\public\wp-includes\plugin.php:470
[28-Nov-2021 23:00:22 UTC] PHP   8. WP_Hook->apply_filters() C:\Users\Pira\Local Sites\pires\app\public\wp-includes\class-wp-hook.php:327
[28-Nov-2021 23:00:22 UTC] PHP   9. agt_main->ssb_icons_migration() C:\Users\Pira\Local Sites\pires\app\public\wp-includes\class-wp-hook.php:303
[28-Nov-2021 23:00:22 UTC] PHP Warning:  count(): Parameter must be an array or an object that implements Countable in C:\Users\Pira\Local Sites\pires\app\public\wp-content\plugins\advanced-google-translate\agt-main.php on line 230
[28-Nov-2021 23:00:22 UTC] PHP Stack trace:
[28-Nov-2021 23:00:22 UTC] PHP   1. {main}() C:\Users\Pira\Local Sites\pires\app\public\wp-cron.php:0
[28-Nov-2021 23:00:22 UTC] PHP   2. require_once() C:\Users\Pira\Local Sites\pires\app\public\wp-cron.php:44
[28-Nov-2021 23:00:22 UTC] PHP   3. require_once() C:\Users\Pira\Local Sites\pires\app\public\wp-load.php:50
[28-Nov-2021 23:00:22 UTC] PHP   4. require_once() C:\Users\Pira\Local Sites\pires\app\public\wp-config.php:77
[28-Nov-2021 23:00:22 UTC] PHP   5. do_action() C:\Users\Pira\Local Sites\pires\app\public\wp-settings.php:578
[28-Nov-2021 23:00:22 UTC] PHP   6. WP_Hook->do_action() C:\Users\Pira\Local Sites\pires\app\public\wp-includes\plugin.php:470
[28-Nov-2021 23:00:22 UTC] PHP   7. WP_Hook->apply_filters() C:\Users\Pira\Local Sites\pires\app\public\wp-includes\class-wp-hook.php:327
[28-Nov-2021 23:00:22 UTC] PHP   8. agt_main->ssb_icons_migration() C:\Users\Pira\Local Sites\pires\app\public\wp-includes\class-wp-hook.php:303
